SF:lib\core\accessibility\keyboard_navigation.dart
DA:6,6
DA:7,4
DA:8,2
DA:15,2
DA:16,4
DA:17,4
DA:22,1
DA:23,2
DA:24,4
DA:25,0
DA:30,1
DA:31,2
DA:33,0
DA:34,0
DA:38,1
DA:39,2
DA:41,0
DA:42,0
DA:43,0
DA:45,0
DA:49,1
DA:50,2
DA:51,2
DA:62,1
DA:70,1
DA:71,1
DA:77,1
DA:79,1
DA:80,1
DA:81,3
DA:82,1
DA:83,1
DA:85,3
DA:86,1
DA:87,1
DA:89,2
DA:90,2
DA:92,1
DA:93,1
DA:94,2
DA:95,1
DA:96,2
DA:100,2
DA:101,1
DA:102,2
DA:106,2
DA:107,2
DA:108,0
DA:109,0
DA:114,2
DA:126,2
DA:133,2
DA:134,2
DA:141,2
DA:143,2
DA:144,7
DA:146,4
DA:147,6
DA:151,1
DA:153,2
DA:154,3
DA:157,2
DA:158,2
DA:160,1
DA:163,2
DA:165,2
DA:166,2
DA:167,4
DA:181,1
DA:191,1
DA:193,1
DA:194,1
DA:195,1
DA:196,2
DA:197,1
DA:198,2
DA:199,1
DA:200,2
DA:201,1
DA:202,2
DA:203,1
DA:204,2
DA:206,1
DA:207,1
DA:208,1
DA:209,2
DA:210,1
DA:211,2
DA:212,1
DA:213,2
DA:214,1
DA:215,2
DA:216,1
DA:217,2
DA:219,1
DA:227,1
DA:231,1
DA:235,1
DA:239,1
DA:243,1
DA:253,1
DA:261,1
DA:262,1
DA:268,1
DA:270,1
DA:271,6
DA:273,2
DA:274,3
DA:275,2
DA:280,1
DA:282,2
DA:283,2
DA:285,1
DA:288,1
DA:290,1
DA:291,1
DA:292,2
DA:293,2
LF:118
LH:109
end_of_record
SF:lib\core\navigation\navigation_guard.dart
DA:9,1
DA:11,1
DA:12,2
DA:15,2
DA:20,1
DA:22,1
DA:30,2
DA:31,1
DA:34,1
DA:40,1
DA:41,1
DA:46,1
DA:47,1
DA:57,1
DA:61,1
DA:65,1
DA:81,2
DA:82,2
DA:87,2
DA:88,2
DA:89,1
DA:93,2
DA:94,2
LF:23
LH:23
end_of_record
SF:lib\core\navigation\app_router.dart
DA:18,1
DA:19,1
DA:21,1
DA:22,1
DA:24,1
DA:26,1
DA:28,1
DA:32,1
DA:34,1
DA:38,1
DA:40,1
DA:46,1
DA:48,0
DA:54,1
DA:56,0
DA:62,1
DA:64,0
DA:69,1
DA:71,0
DA:76,2
DA:77,1
DA:78,1
DA:80,1
DA:83,1
DA:85,3
DA:88,3
DA:90,1
DA:91,0
DA:102,0
DA:104,0
DA:106,0
DA:108,0
DA:114,0
DA:115,0
LF:34
LH:23
end_of_record
SF:lib\presentation\blocs\auth\auth_bloc.dart
DA:9,1
DA:12,2
DA:13,2
DA:14,2
DA:15,2
DA:16,2
DA:17,2
DA:23,1
DA:27,2
DA:30,2
DA:33,2
DA:35,1
DA:36,1
DA:38,2
DA:40,2
DA:43,0
DA:46,2
DA:49,2
DA:54,1
DA:58,2
DA:62,2
DA:64,1
DA:65,1
DA:68,2
DA:69,1
DA:70,1
DA:73,1
DA:74,3
DA:76,3
DA:79,3
DA:82,0
DA:87,1
DA:91,2
DA:94,2
DA:97,2
DA:100,0
DA:105,1
DA:110,2
DA:112,1
DA:113,3
DA:115,2
DA:118,0
DA:123,1
DA:127,1
DA:128,2
DA:131,1
LF:46
LH:42
end_of_record
SF:lib\presentation\pages\auth\login_page.dart
DA:11,1
DA:16,1
DA:18,1
DA:19,1
DA:20,1
DA:22,1
DA:25,1
DA:27,1
DA:30,2
DA:33,1
DA:36,4
DA:38,2
DA:42,1
DA:45,4
DA:46,1
DA:52,1
DA:53,0
DA:55,0
DA:56,0
DA:57,0
DA:58,0
DA:60,0
DA:61,0
DA:62,0
DA:64,0
DA:65,0
DA:66,0
DA:67,0
DA:77,1
DA:80,3
DA:82,1
DA:85,1
DA:86,0
DA:88,0
DA:89,0
DA:93,1
DA:96,1
DA:99,4
DA:100,1
LF:39
LH:24
end_of_record
SF:lib\presentation\pages\profile\profile_completion_page.dart
DA:10,1
DA:12,2
DA:14,2
DA:15,2
DA:19,2
DA:20,1
DA:21,1
DA:22,1
DA:48,2
DA:49,1
LF:10
LH:10
end_of_record
SF:lib\presentation\pages\profile\profile_edit_page.dart
DA:10,1
DA:12,1
DA:14,1
DA:15,1
DA:18,1
DA:19,1
DA:20,1
DA:21,1
DA:22,1
DA:23,1
DA:25,2
DA:27,1
DA:28,0
DA:33,1
DA:37,1
DA:38,1
DA:39,1
DA:41,1
DA:42,3
DA:43,1
DA:44,0
LF:21
LH:19
end_of_record
SF:lib\presentation\pages\tour_template\tour_template_list_page.dart
DA:16,1
DA:18,1
DA:19,1
DA:30,1
DA:32,1
DA:33,3
DA:35,3
DA:38,1
DA:40,2
DA:41,2
DA:42,1
DA:45,0
DA:46,0
DA:47,0
DA:48,0
DA:49,0
DA:50,0
DA:51,0
DA:52,0
DA:53,0
DA:54,0
DA:60,0
DA:61,0
DA:62,0
DA:63,0
DA:64,0
DA:67,1
DA:68,2
DA:69,0
DA:70,0
DA:71,0
DA:72,0
DA:75,4
DA:76,1
DA:77,1
DA:78,1
DA:79,1
DA:84,0
DA:89,0
DA:90,0
DA:91,0
DA:92,0
DA:95,0
DA:96,0
DA:98,0
DA:105,0
DA:106,0
DA:107,0
DA:109,0
DA:110,0
DA:111,0
DA:112,0
DA:113,0
DA:118,0
DA:119,0
DA:120,0
DA:121,0
DA:126,0
DA:127,0
DA:128,0
DA:129,0
DA:134,0
DA:136,0
DA:137,0
DA:139,0
DA:140,0
DA:142,0
DA:143,0
DA:144,0
DA:145,0
DA:147,0
DA:148,0
DA:153,0
DA:154,0
DA:155,0
DA:156,0
DA:158,0
DA:159,0
DA:161,0
DA:162,0
DA:163,0
DA:166,0
DA:167,0
DA:168,0
DA:170,0
DA:171,0
DA:173,0
DA:174,0
DA:183,0
DA:184,0
DA:187,1
DA:189,1
DA:190,1
DA:192,1
DA:193,1
DA:194,1
DA:200,1
DA:201,1
DA:202,1
DA:204,1
DA:205,1
DA:206,1
DA:209,1
DA:210,1
DA:211,0
DA:212,0
DA:213,0
DA:214,0
DA:215,0
DA:216,0
DA:219,0
DA:220,0
DA:221,0
DA:222,0
DA:223,0
DA:228,1
DA:229,1
DA:233,1
DA:234,1
DA:235,1
DA:236,1
DA:240,1
DA:241,2
DA:242,1
DA:245,1
DA:246,0
DA:247,1
DA:248,1
DA:250,3
DA:251,1
DA:252,1
DA:253,3
DA:262,2
DA:263,1
DA:265,0
DA:266,0
DA:273,1
DA:274,0
DA:275,0
DA:276,0
DA:277,0
DA:279,0
DA:280,0
DA:281,0
DA:290,0
DA:291,0
DA:293,0
DA:294,0
DA:301,1
DA:307,1
DA:308,1
DA:315,1
DA:316,1
DA:317,1
DA:319,1
DA:320,1
DA:323,4
DA:326,1
DA:328,5
DA:329,4
DA:333,1
DA:335,5
DA:336,4
DA:340,1
DA:341,1
LF:165
LH:68
end_of_record
SF:lib\presentation\pages\provider\provider_list_page.dart
DA:16,1
DA:18,0
DA:19,0
DA:29,0
DA:31,0
DA:32,0
DA:34,0
DA:37,0
DA:39,0
DA:40,0
DA:41,0
DA:44,0
DA:45,0
DA:46,0
DA:47,0
DA:48,0
DA:49,0
DA:50,0
DA:51,0
DA:52,0
DA:58,0
DA:59,0
DA:60,0
DA:61,0
DA:62,0
DA:65,0
DA:66,0
DA:67,0
DA:68,0
DA:69,0
DA:72,0
DA:73,0
DA:74,0
DA:75,0
DA:80,0
DA:81,0
DA:82,0
DA:84,0
DA:85,0
DA:86,0
DA:90,0
DA:91,0
DA:92,0
DA:94,0
DA:95,0
DA:96,0
DA:97,0
DA:98,0
DA:100,0
DA:106,0
DA:107,0
DA:108,0
DA:109,0
DA:114,0
DA:115,0
DA:116,0
DA:118,0
DA:122,0
DA:123,0
DA:124,0
DA:125,0
DA:130,0
DA:131,0
DA:132,0
DA:133,0
DA:135,0
DA:136,0
DA:138,0
DA:139,0
DA:140,0
DA:143,0
DA:144,0
DA:145,0
DA:146,0
DA:148,0
DA:149,0
DA:158,0
DA:159,0
DA:162,0
DA:164,0
DA:165,0
DA:167,0
DA:168,0
DA:169,0
DA:175,0
DA:176,0
DA:177,0
DA:179,0
DA:180,0
DA:183,0
DA:184,0
DA:185,0
DA:186,0
DA:187,0
DA:188,0
DA:189,0
DA:190,0
DA:193,0
DA:194,0
DA:195,0
DA:196,0
DA:197,0
DA:202,0
DA:203,0
DA:207,0
DA:208,0
DA:209,0
DA:210,0
DA:214,0
DA:215,0
DA:216,0
DA:219,0
DA:220,0
DA:221,0
DA:222,0
DA:224,0
DA:225,0
DA:226,0
DA:227,0
DA:236,0
DA:237,0
DA:239,0
DA:240,0
DA:241,0
DA:248,0
DA:249,0
DA:250,0
DA:251,0
DA:252,0
DA:254,0
DA:255,0
DA:256,0
DA:265,0
DA:266,0
DA:268,0
DA:269,0
DA:270,0
DA:277,0
DA:283,0
DA:284,0
DA:291,0
DA:292,0
DA:293,0
DA:295,0
DA:296,0
DA:299,0
DA:302,0
DA:304,0
DA:305,0
DA:309,0
DA:311,0
DA:312,0
DA:316,0
DA:317,0
LF:154
LH:1
end_of_record
SF:lib\domain\entities\user.dart
DA:6,10
DA:50,4
DA:51,4
DA:52,4
DA:53,4
DA:54,4
DA:55,4
DA:56,4
DA:57,4
DA:58,4
DA:59,4
DA:60,4
DA:61,4
DA:62,4
DA:63,4
DA:64,4
DA:65,4
DA:66,4
DA:67,4
DA:71,8
DA:74,15
DA:75,18
DA:76,5
DA:77,16
DA:78,9
DA:79,3
DA:81,1
DA:93,1
DA:94,1
DA:95,0
DA:96,0
DA:97,1
DA:98,1
DA:99,1
DA:100,0
DA:101,1
DA:102,1
DA:103,1
LF:38
LH:35
end_of_record
SF:lib\domain\entities\user_type.dart
DA:10,1
DA:12,1
DA:14,1
DA:16,1
DA:31,4
DA:33,4
DA:35,3
DA:37,3
LF:8
LH:8
end_of_record
SF:lib\core\navigation\auth_wrapper.dart
DA:10,1
DA:17,1
DA:19,1
DA:20,1
DA:21,1
DA:22,1
DA:23,0
DA:24,2
DA:25,0
DA:27,0
DA:28,0
DA:29,0
DA:31,0
DA:34,0
DA:36,0
DA:39,0
DA:41,0
DA:42,0
DA:44,0
LF:19
LH:7
end_of_record
SF:lib\core\navigation\role_based_home.dart
DA:12,1
DA:14,2
DA:16,2
DA:17,1
DA:18,2
DA:26,1
DA:29,1
DA:37,2
DA:42,1
DA:44,1
DA:45,1
DA:46,1
DA:47,0
DA:48,1
DA:49,1
LF:15
LH:14
end_of_record
SF:lib\presentation\blocs\auth\auth_event.dart
DA:5,1
DA:7,0
DA:8,0
DA:13,1
DA:18,1
DA:23,1
DA:28,0
DA:33,0
DA:37,0
DA:38,0
LF:10
LH:4
end_of_record
SF:lib\presentation\blocs\auth\auth_state.dart
DA:16,3
DA:26,1
DA:27,4
DA:29,0
DA:34,0
DA:35,0
DA:36,0
DA:37,0
DA:42,2
DA:46,1
DA:50,2
DA:51,2
DA:57,2
DA:61,2
DA:62,2
DA:69,3
DA:70,3
DA:71,3
DA:72,0
DA:73,3
DA:76,3
DA:79,1
DA:86,1
DA:87,1
DA:88,1
DA:89,1
DA:90,0
DA:91,1
DA:92,2
DA:93,0
DA:94,0
DA:95,0
DA:96,0
LF:33
LH:22
end_of_record
SF:lib\presentation\widgets\common\loading_widget.dart
DA:7,1
DA:13,3
DA:15,3
DA:16,3
DA:18,3
DA:19,3
DA:20,3
DA:21,3
DA:24,4
DA:26,1
DA:27,1
DA:28,4
DA:29,1
DA:45,0
DA:52,0
DA:54,0
DA:55,0
DA:56,0
DA:57,0
DA:58,0
DA:59,0
DA:60,0
DA:72,0
DA:79,0
DA:80,0
DA:88,0
DA:90,0
DA:91,0
DA:95,0
DA:96,0
DA:98,0
DA:101,0
DA:103,0
DA:104,0
DA:107,0
DA:109,0
DA:110,0
DA:111,0
DA:112,0
DA:113,0
DA:114,0
DA:115,0
DA:116,0
DA:117,0
DA:118,0
DA:119,0
DA:120,0
DA:121,0
DA:123,0
DA:124,0
DA:125,0
DA:126,0
DA:127,0
LF:53
LH:13
end_of_record
SF:lib\presentation\pages\dashboard\tourist_dashboard.dart
DA:12,2
DA:17,2
DA:18,2
DA:25,2
DA:27,2
DA:28,2
DA:30,4
DA:33,2
DA:34,2
DA:36,0
DA:37,0
DA:42,2
DA:43,0
DA:45,0
DA:46,0
DA:48,0
DA:49,0
DA:53,0
DA:55,0
DA:59,2
DA:95,2
DA:96,2
DA:97,2
DA:98,2
DA:99,2
DA:100,2
DA:101,2
DA:104,2
DA:105,2
DA:106,1
DA:107,2
DA:108,1
DA:115,2
DA:116,2
DA:118,2
DA:120,2
DA:122,2
DA:123,2
DA:125,2
DA:127,2
DA:128,2
DA:129,8
DA:130,8
DA:133,2
DA:135,10
DA:136,2
DA:146,2
DA:147,2
DA:148,2
DA:149,2
DA:150,2
DA:158,2
DA:159,2
DA:160,2
DA:172,2
DA:174,8
DA:178,2
DA:179,2
DA:180,2
DA:181,2
DA:182,2
DA:189,2
DA:190,2
DA:196,2
DA:197,2
DA:211,2
DA:212,2
DA:214,2
DA:216,2
DA:217,2
DA:219,8
DA:222,2
DA:223,2
DA:224,2
DA:225,2
DA:226,2
DA:232,2
DA:233,2
DA:247,2
DA:248,2
DA:250,2
DA:252,2
DA:253,2
DA:255,8
DA:258,2
DA:259,2
DA:261,2
DA:263,2
DA:264,2
DA:266,8
DA:269,2
DA:275,0
DA:276,0
DA:277,0
DA:282,2
DA:284,2
DA:285,0
DA:286,0
DA:287,0
DA:288,0
DA:290,0
DA:293,0
DA:310,2
DA:311,2
DA:313,2
DA:315,2
DA:316,2
DA:318,8
DA:321,2
DA:322,2
DA:323,2
DA:324,2
DA:325,2
DA:330,2
DA:331,2
DA:344,2
DA:351,2
DA:352,2
DA:354,2
DA:356,2
DA:357,2
DA:359,2
DA:360,2
DA:361,2
DA:363,8
DA:371,2
DA:373,6
DA:381,2
DA:388,2
DA:389,2
DA:390,2
DA:392,6
DA:393,6
DA:395,2
DA:396,2
DA:397,2
DA:399,8
DA:400,2
DA:407,2
DA:414,2
DA:415,2
DA:419,2
DA:420,2
DA:421,2
DA:423,2
DA:424,2
DA:425,2
DA:427,2
DA:429,2
DA:436,0
DA:437,0
DA:443,2
DA:449,2
DA:450,2
DA:452,2
DA:453,2
DA:455,2
DA:456,2
DA:457,2
DA:459,2
DA:461,2
DA:468,0
DA:469,0
LF:163
LH:141
end_of_record
SF:lib\presentation\pages\dashboard\provider_admin_dashboard.dart
DA:9,1
DA:14,1
DA:15,1
DA:19,1
DA:21,1
DA:22,1
DA:24,2
DA:26,1
DA:27,1
DA:29,0
DA:30,0
DA:37,1
DA:38,2
DA:39,1
DA:41,1
DA:43,1
DA:45,1
DA:47,1
DA:48,1
DA:50,1
DA:52,1
DA:53,1
DA:54,4
DA:55,3
DA:58,1
DA:60,4
DA:61,1
DA:71,1
DA:72,1
DA:73,1
DA:74,1
DA:83,1
DA:84,1
DA:97,1
DA:99,3
DA:103,1
DA:104,1
DA:108,1
DA:109,1
DA:114,0
DA:115,0
DA:118,1
DA:123,0
DA:124,0
DA:127,1
DA:132,0
DA:133,0
DA:136,1
DA:141,0
DA:142,0
DA:154,1
DA:155,1
DA:156,1
DA:159,0
DA:160,0
DA:163,1
DA:166,0
DA:167,0
DA:168,0
DA:171,1
DA:174,0
DA:175,0
DA:176,0
DA:179,1
DA:182,0
DA:183,0
DA:184,0
DA:187,1
DA:190,0
DA:191,0
DA:192,0
DA:198,1
DA:205,1
DA:206,1
DA:208,1
DA:210,1
DA:211,1
DA:213,1
DA:214,1
DA:215,1
DA:217,4
DA:225,1
DA:227,3
DA:235,1
DA:242,1
DA:244,1
DA:246,1
DA:247,1
DA:249,1
DA:251,1
DA:252,1
DA:255,2
DA:258,1
DA:260,4
DA:266,1
DA:268,3
LF:96
LH:72
end_of_record
SF:lib\presentation\pages\dashboard\system_admin_dashboard.dart
DA:10,2
DA:15,2
DA:16,2
DA:20,2
DA:22,2
DA:23,2
DA:25,4
DA:27,2
DA:28,2
DA:30,0
DA:31,0
DA:38,2
DA:39,4
DA:40,2
DA:42,2
DA:44,2
DA:46,2
DA:48,2
DA:49,2
DA:51,2
DA:53,2
DA:54,2
DA:55,8
DA:56,6
DA:59,2
DA:61,8
DA:62,2
DA:72,2
DA:74,6
DA:78,2
DA:79,2
DA:83,2
DA:84,2
DA:89,0
DA:90,0
DA:93,2
DA:98,0
DA:99,0
DA:100,0
DA:101,0
DA:106,2
DA:111,0
DA:112,0
DA:115,2
DA:120,0
DA:121,0
DA:133,2
DA:134,2
DA:135,2
DA:138,0
DA:139,0
DA:142,2
DA:145,0
DA:146,0
DA:147,0
DA:150,2
DA:153,0
DA:154,0
DA:155,0
DA:156,0
DA:157,0
DA:162,2
DA:165,0
DA:166,0
DA:167,0
DA:170,2
DA:173,0
DA:174,0
DA:175,0
DA:181,2
DA:188,2
DA:190,2
DA:192,2
DA:193,2
DA:195,2
DA:197,2
DA:198,2
DA:201,4
DA:204,2
DA:206,8
DA:212,2
DA:214,6
LF:82
LH:54
end_of_record
SF:lib\core\network\api_result.dart
DA:3,6
DA:6,4
DA:9,2
DA:12,1
DA:13,1
DA:14,1
DA:18,4
DA:19,4
DA:20,8
DA:24,3
DA:29,9
DA:30,9
DA:37,6
DA:42,1
DA:43,2
DA:45,1
DA:48,1
DA:49,3
DA:50,3
DA:52,1
DA:53,2
DA:58,2
DA:68,1
DA:70,4
DA:72,1
DA:75,1
DA:76,3
DA:77,3
DA:78,0
DA:79,0
DA:81,1
DA:82,4
LF:32
LH:30
end_of_record
SF:lib\core\theme\app_theme.dart
DA:42,0
DA:43,0
DA:46,0
DA:47,0
DA:50,0
DA:51,0
DA:53,0
DA:57,0
DA:59,0
DA:60,0
DA:61,0
DA:64,0
DA:67,0
DA:72,0
DA:73,0
DA:74,0
DA:75,0
DA:83,0
DA:84,0
DA:85,0
DA:86,0
DA:92,0
DA:93,0
DA:103,0
DA:104,0
DA:112,0
DA:113,0
DA:119,0
DA:120,0
DA:121,0
DA:122,0
DA:123,0
DA:127,0
DA:128,0
DA:129,0
DA:130,0
DA:134,0
DA:135,0
DA:136,0
DA:137,0
DA:142,0
DA:145,0
DA:147,0
DA:150,0
DA:152,0
DA:155,0
DA:160,0
DA:162,0
DA:163,0
DA:164,0
DA:165,0
DA:172,0
DA:175,0
DA:178,0
DA:181,0
DA:183,0
DA:188,0
DA:190,0
DA:191,0
DA:205,0
DA:212,0
DA:213,0
DA:218,0
DA:219,0
DA:223,0
DA:301,0
DA:302,0
DA:303,0
DA:306,0
DA:309,0
DA:312,0
DA:315,0
DA:318,0
DA:321,0
DA:324,0
DA:327,0
DA:330,0
DA:333,0
DA:336,0
DA:339,0
DA:340,0
DA:342,0
DA:345,0
DA:348,0
DA:351,0
DA:354,0
DA:357,0
DA:360,0
DA:363,0
DA:366,0
DA:369,0
DA:372,0
DA:375,0
DA:378,0
DA:381,0
DA:384,0
DA:387,0
DA:390,0
DA:396,0
DA:397,0
DA:400,0
DA:401,0
DA:405,1
DA:406,4
DA:410,1
DA:411,3
DA:412,2
DA:416,1
DA:417,4
DA:421,1
DA:422,1
DA:424,1
DA:432,1
DA:433,1
DA:435,1
DA:443,0
DA:444,0
DA:445,0
DA:447,0
DA:448,0
DA:455,0
DA:456,0
DA:457,0
DA:461,0
DA:462,0
DA:466,0
DA:467,0
DA:474,0
DA:475,0
DA:477,0
DA:481,0
DA:482,0
DA:483,0
DA:487,0
DA:488,0
DA:492,0
DA:494,0
DA:495,0
DA:497,0
DA:499,0
DA:501,0
DA:508,0
DA:509,0
DA:510,0
DA:513,0
DA:515,0
DA:517,0
DA:518,0
DA:519,0
LF:149
LH:13
end_of_record
SF:lib\domain\entities\auth_user.dart
DA:7,3
DA:19,2
DA:20,10
DA:23,3
DA:24,3
DA:25,3
DA:26,3
DA:27,3
DA:28,3
DA:30,1
DA:36,1
DA:37,0
DA:38,0
DA:39,1
DA:40,1
LF:15
LH:13
end_of_record
SF:lib\domain\entities\custom_tour.dart
DA:28,2
DA:46,1
DA:47,5
DA:50,1
DA:51,3
DA:54,1
DA:55,2
DA:58,1
DA:59,6
DA:62,1
DA:63,2
DA:64,2
DA:65,1
DA:66,2
DA:67,2
DA:68,3
DA:69,2
DA:70,2
DA:73,1
DA:74,2
DA:75,1
DA:76,3
DA:79,1
DA:80,1
DA:81,2
DA:82,4
DA:83,4
DA:86,1
DA:103,1
DA:104,1
DA:105,1
DA:106,1
DA:107,1
DA:108,1
DA:109,1
DA:110,1
DA:111,1
DA:112,1
DA:113,1
DA:114,1
DA:115,1
DA:116,1
DA:117,1
DA:118,1
DA:122,1
DA:123,1
DA:124,1
DA:125,1
DA:126,1
DA:127,1
DA:128,1
DA:129,1
DA:130,1
DA:131,1
DA:132,1
DA:133,1
DA:134,1
DA:135,1
DA:136,1
DA:137,1
DA:138,1
LF:61
LH:61
end_of_record
SF:lib\domain\entities\document.dart
DA:38,1
DA:58,0
DA:59,0
DA:60,0
DA:61,0
DA:62,0
DA:63,0
DA:66,0
DA:67,0
DA:68,0
DA:69,0
DA:71,0
DA:73,0
DA:75,0
DA:76,0
DA:77,0
DA:78,0
DA:79,0
DA:82,0
DA:83,0
DA:84,0
DA:87,0
DA:88,0
DA:89,0
DA:90,0
DA:93,0
DA:94,0
DA:95,0
DA:96,0
DA:97,0
DA:99,0
DA:103,0
DA:104,0
DA:105,0
DA:107,0
DA:109,0
DA:111,0
DA:113,0
DA:115,0
DA:120,0
DA:121,0
DA:124,0
DA:125,0
DA:128,0
DA:129,0
DA:133,0
DA:137,0
DA:138,0
DA:142,0
DA:146,0
DA:147,0
DA:150,0
DA:154,0
DA:160,0
DA:179,0
DA:180,0
DA:181,0
DA:182,0
DA:183,0
DA:184,0
DA:185,0
DA:186,0
DA:187,0
DA:188,0
DA:189,0
DA:190,0
DA:191,0
DA:192,0
DA:193,0
DA:194,0
DA:195,0
DA:196,0
DA:200,0
DA:201,0
DA:202,0
DA:203,0
DA:204,0
DA:205,0
DA:206,0
DA:207,0
DA:208,0
DA:209,0
DA:210,0
DA:211,0
DA:212,0
DA:213,0
DA:214,0
DA:215,0
DA:216,0
DA:217,0
DA:218,0
LF:91
LH:1
end_of_record
SF:lib\domain\entities\provider.dart
DA:5,1
DA:58,1
DA:59,1
DA:60,1
DA:61,1
DA:62,1
DA:63,1
DA:64,1
DA:65,1
DA:66,1
DA:67,1
DA:68,1
DA:69,1
DA:70,1
DA:71,1
DA:72,1
DA:73,1
DA:74,1
DA:75,1
DA:76,1
DA:77,1
DA:78,1
DA:79,1
DA:83,3
DA:84,3
DA:85,3
DA:86,3
DA:87,3
DA:88,3
DA:89,3
DA:90,1
DA:91,6
DA:93,1
DA:108,1
DA:109,1
DA:110,1
DA:111,1
DA:112,1
DA:113,1
DA:114,1
DA:115,1
DA:116,1
DA:117,1
DA:118,1
DA:119,1
DA:120,1
DA:121,1
LF:47
LH:47
end_of_record
SF:lib\domain\entities\web_link.dart
DA:5,2
DA:19,1
DA:20,6
DA:23,1
DA:24,6
DA:26,1
DA:33,1
DA:34,1
DA:35,1
DA:36,1
DA:37,1
DA:38,1
LF:12
LH:12
end_of_record
SF:lib\domain\entities\tour_template.dart
DA:6,4
DA:48,1
DA:49,1
DA:50,1
DA:51,1
DA:52,1
DA:53,1
DA:54,1
DA:55,1
DA:56,1
DA:57,1
DA:58,1
DA:59,1
DA:60,1
DA:61,1
DA:62,1
DA:63,1
DA:64,1
DA:65,1
DA:69,10
DA:70,7
DA:71,7
DA:72,3
DA:73,8
DA:74,1
DA:75,5
DA:76,1
DA:77,2
DA:78,2
DA:79,2
DA:80,2
DA:81,1
DA:82,1
DA:84,2
DA:98,2
DA:99,2
DA:100,1
DA:101,2
DA:102,2
DA:103,2
DA:104,2
DA:105,2
DA:106,2
DA:107,2
DA:108,1
DA:109,2
DA:110,2
LF:47
LH:47
end_of_record
SF:lib\domain\entities\registration.dart
DA:25,2
DA:40,1
DA:41,2
DA:42,2
DA:43,2
DA:44,1
DA:47,1
DA:48,3
DA:49,1
DA:50,2
DA:51,2
DA:56,1
DA:57,2
DA:60,3
DA:61,3
DA:62,3
DA:63,3
DA:64,3
DA:66,1
DA:67,2
DA:68,2
DA:71,1
DA:72,2
DA:75,1
DA:76,1
DA:79,1
DA:83,1
DA:84,1
DA:87,1
DA:91,1
DA:92,1
DA:94,1
DA:98,1
DA:99,1
DA:101,1
DA:105,1
DA:119,1
DA:120,1
DA:121,1
DA:122,1
DA:123,1
DA:124,1
DA:125,1
DA:126,1
DA:128,1
DA:129,1
DA:130,1
DA:131,1
DA:132,1
DA:136,1
DA:137,1
DA:138,1
DA:139,1
DA:140,1
DA:141,1
DA:142,1
DA:143,1
DA:144,1
DA:145,1
DA:146,1
DA:147,1
DA:148,1
DA:149,1
LF:63
LH:63
end_of_record
SF:lib\domain\entities\message.dart
DA:17,1
DA:34,0
DA:50,0
DA:51,0
DA:52,0
DA:53,0
DA:54,0
DA:55,0
DA:56,0
DA:57,0
DA:58,0
DA:59,0
DA:60,0
DA:61,0
DA:62,0
DA:63,0
DA:64,0
DA:68,0
DA:69,0
DA:70,0
DA:72,0
DA:75,0
DA:78,0
DA:79,0
DA:81,0
DA:83,0
DA:103,0
DA:105,0
DA:107,0
DA:109,0
DA:111,0
DA:113,0
DA:118,0
DA:120,0
DA:122,0
DA:124,0
DA:126,0
DA:128,0
DA:135,0
DA:137,0
DA:139,0
DA:141,0
DA:143,0
DA:148,0
DA:150,0
DA:152,0
DA:154,0
DA:156,0
LF:48
LH:1
end_of_record
SF:lib\domain\entities\google_sign_in_result.dart
DA:5,0
DA:19,0
DA:20,0
DA:21,0
DA:22,0
DA:23,0
DA:24,0
DA:25,0
LF:8
LH:0
end_of_record
SF:lib\presentation\blocs\provider\provider_bloc.dart
DA:12,0
DA:15,0
DA:16,0
DA:17,0
DA:18,0
DA:19,0
DA:20,0
DA:21,0
DA:22,0
DA:23,0
DA:24,0
DA:25,0
DA:28,0
DA:33,0
DA:34,0
DA:35,0
DA:37,0
DA:40,0
DA:41,0
DA:42,0
DA:43,0
DA:44,0
DA:45,0
DA:49,0
DA:50,0
DA:51,0
DA:54,0
DA:55,0
DA:56,0
DA:57,0
DA:60,0
DA:62,0
DA:63,0
DA:64,0
DA:67,0
DA:70,0
DA:72,0
DA:73,0
DA:74,0
DA:78,0
DA:79,0
DA:80,0
DA:81,0
DA:87,0
DA:91,0
DA:93,0
DA:96,0
DA:97,0
DA:99,0
DA:100,0
DA:101,0
DA:102,0
DA:108,0
DA:112,0
DA:114,0
DA:117,0
DA:118,0
DA:120,0
DA:123,0
DA:125,0
DA:126,0
DA:127,0
DA:128,0
DA:134,0
DA:138,0
DA:141,0
DA:144,0
DA:145,0
DA:147,0
DA:150,0
DA:152,0
DA:153,0
DA:154,0
DA:155,0
DA:161,0
DA:165,0
DA:168,0
DA:169,0
DA:171,0
DA:174,0
DA:175,0
DA:176,0
DA:177,0
DA:178,0
DA:179,0
DA:182,0
DA:183,0
DA:184,0
DA:185,0
DA:191,0
DA:195,0
DA:198,0
DA:199,0
DA:201,0
DA:204,0
DA:205,0
DA:206,0
DA:207,0
DA:208,0
DA:209,0
DA:212,0
DA:213,0
DA:214,0
DA:215,0
DA:221,0
DA:225,0
DA:228,0
DA:229,0
DA:233,0
DA:234,0
DA:235,0
DA:236,0
DA:237,0
DA:238,0
DA:241,0
DA:242,0
DA:243,0
DA:244,0
DA:250,0
DA:254,0
DA:256,0
DA:259,0
DA:260,0
DA:261,0
DA:262,0
DA:265,0
DA:266,0
DA:267,0
DA:268,0
DA:274,0
DA:279,0
DA:282,0
DA:291,0
DA:292,0
DA:293,0
DA:294,0
DA:295,0
DA:298,0
LF:138
LH:0
end_of_record
SF:lib\presentation\blocs\provider\provider_event.dart
DA:6,1
DA:8,0
DA:9,0
DA:20,1
DA:28,0
DA:29,0
DA:36,0
DA:38,0
DA:39,0
DA:46,0
DA:48,0
DA:49,0
DA:57,0
DA:59,0
DA:60,0
DA:67,0
DA:69,0
DA:70,0
DA:77,0
DA:79,0
DA:80,0
DA:87,0
DA:89,0
DA:90,0
DA:97,0
DA:99,0
DA:100,0
DA:105,0
DA:110,1
LF:29
LH:3
end_of_record
SF:lib\presentation\blocs\provider\provider_state.dart
DA:6,1
DA:8,0
DA:9,0
DA:14,1
DA:19,1
DA:31,0
DA:40,0
DA:48,0
DA:49,0
DA:50,0
DA:51,0
DA:52,0
DA:53,0
DA:54,0
DA:58,0
DA:59,0
DA:60,0
DA:61,0
DA:62,0
DA:63,0
DA:64,0
DA:65,0
DA:73,0
DA:75,0
DA:76,0
DA:84,1
DA:89,0
DA:90,0
DA:98,0
DA:103,0
DA:104,0
DA:112,0
DA:117,0
DA:118,0
DA:125,0
DA:127,0
DA:128,0
LF:37
LH:4
end_of_record
SF:lib\presentation\blocs\tour_template\tour_template_bloc.dart
DA:11,0
DA:14,0
DA:15,0
DA:16,0
DA:17,0
DA:18,0
DA:19,0
DA:20,0
DA:21,0
DA:22,0
DA:23,0
DA:24,0
DA:27,0
DA:32,0
DA:33,0
DA:34,0
DA:36,0
DA:39,0
DA:40,0
DA:41,0
DA:42,0
DA:43,0
DA:44,0
DA:45,0
DA:49,0
DA:50,0
DA:51,0
DA:54,0
DA:55,0
DA:56,0
DA:57,0
DA:60,0
DA:62,0
DA:63,0
DA:64,0
DA:65,0
DA:68,0
DA:71,0
DA:73,0
DA:74,0
DA:75,0
DA:76,0
DA:80,0
DA:81,0
DA:82,0
DA:83,0
DA:89,0
DA:93,0
DA:95,0
DA:98,0
DA:99,0
DA:101,0
DA:102,0
DA:103,0
DA:104,0
DA:110,0
DA:114,0
DA:117,0
DA:120,0
DA:121,0
DA:123,0
DA:126,0
DA:128,0
DA:129,0
DA:130,0
DA:131,0
DA:137,0
DA:141,0
DA:143,0
DA:144,0
DA:147,0
DA:148,0
DA:150,0
DA:153,0
DA:155,0
DA:156,0
DA:157,0
DA:158,0
DA:164,0
DA:168,0
DA:171,0
DA:172,0
DA:174,0
DA:177,0
DA:178,0
DA:179,0
DA:180,0
DA:181,0
DA:182,0
DA:185,0
DA:186,0
DA:187,0
DA:188,0
DA:194,0
DA:199,0
DA:202,0
DA:203,0
DA:205,0
DA:208,0
DA:209,0
DA:210,0
DA:211,0
DA:212,0
DA:213,0
DA:216,0
DA:217,0
DA:218,0
DA:219,0
DA:225,0
DA:229,0
DA:232,0
DA:233,0
DA:237,0
DA:238,0
DA:239,0
DA:240,0
DA:241,0
DA:242,0
DA:245,0
DA:246,0
DA:247,0
DA:248,0
DA:254,0
DA:258,0
DA:261,0
DA:264,0
DA:265,0
DA:266,0
DA:267,0
DA:270,0
DA:271,0
DA:272,0
DA:273,0
DA:279,0
DA:284,0
DA:287,0
DA:297,0
DA:298,0
DA:299,0
DA:300,0
DA:301,0
DA:302,0
DA:305,0
LF:143
LH:0
end_of_record
SF:lib\presentation\blocs\tour_template\tour_template_event.dart
DA:6,2
DA:8,0
DA:9,0
DA:21,2
DA:30,0
DA:32,0
DA:39,0
DA:41,0
DA:42,0
DA:49,0
DA:51,0
DA:52,0
DA:60,0
DA:62,0
DA:63,0
DA:70,0
DA:72,0
DA:73,0
DA:80,0
DA:82,0
DA:83,0
DA:90,0
DA:92,0
DA:93,0
DA:100,0
DA:102,0
DA:103,0
DA:108,0
DA:113,1
LF:29
LH:3
end_of_record
SF:lib\presentation\blocs\tour_template\tour_template_state.dart
DA:6,3
DA:8,0
DA:9,0
DA:14,1
DA:19,1
DA:32,2
DA:42,1
DA:51,1
DA:52,0
DA:53,1
DA:54,1
DA:55,1
DA:56,1
DA:57,1
DA:58,1
DA:62,0
DA:63,0
DA:64,0
DA:65,0
DA:66,0
DA:67,0
DA:68,0
DA:69,0
DA:70,0
DA:78,1
DA:80,0
DA:81,0
DA:89,1
DA:94,0
DA:95,0
DA:103,0
DA:108,0
DA:109,0
DA:117,0
DA:122,0
DA:123,0
DA:130,0
DA:132,0
DA:133,0
LF:39
LH:14
end_of_record
SF:lib\presentation\blocs\user\user_bloc.dart
DA:12,1
DA:15,1
DA:16,2
DA:17,2
DA:18,2
DA:19,2
DA:20,2
DA:24,1
DA:28,1
DA:30,2
DA:32,1
DA:33,3
DA:36,2
DA:37,1
DA:38,1
DA:44,1
DA:48,1
DA:50,2
DA:51,1
DA:52,1
DA:53,1
DA:56,1
DA:57,3
DA:60,2
DA:61,1
DA:62,1
DA:68,1
DA:72,1
DA:74,2
DA:75,1
DA:76,1
DA:77,1
DA:80,1
DA:81,3
DA:84,2
DA:85,1
DA:86,1
DA:92,1
DA:96,1
DA:98,2
DA:100,1
DA:101,3
DA:104,2
DA:105,1
DA:106,1
DA:112,1
DA:116,1
LF:47
LH:47
end_of_record
SF:lib\presentation\blocs\user\user_event.dart
DA:5,2
DA:7,0
DA:8,0
DA:13,0
DA:22,1
DA:28,1
DA:29,4
DA:38,1
DA:44,1
DA:45,4
DA:50,0
DA:55,0
LF:12
LH:7
end_of_record
SF:lib\presentation\blocs\user\user_state.dart
DA:6,4
DA:8,1
DA:9,1
DA:14,1
DA:19,1
DA:26,2
DA:28,1
DA:29,2
DA:36,1
DA:38,1
DA:39,2
DA:44,1
DA:52,2
DA:57,1
DA:58,3
DA:63,1
DA:71,2
DA:76,1
DA:77,3
DA:85,1
DA:90,1
DA:91,3
LF:22
LH:22
end_of_record
SF:lib\presentation\widgets\auth\google_sign_in_button.dart
DA:8,1
DA:14,1
DA:16,1
DA:19,1
DA:20,2
DA:21,1
DA:25,1
DA:26,1
DA:27,2
DA:30,1
DA:36,1
DA:38,1
DA:39,1
DA:43,1
LF:14
LH:14
end_of_record
SF:lib\presentation\widgets\common\app_drawer.dart
DA:15,2
DA:27,2
DA:33,1
DA:35,1
DA:37,1
DA:38,1
DA:39,1
DA:41,1
DA:42,3
DA:43,1
DA:44,1
DA:45,2
DA:47,1
DA:50,1
DA:51,1
DA:52,3
DA:53,1
DA:56,1
DA:57,3
DA:58,4
DA:59,0
DA:60,1
DA:63,2
DA:70,1
DA:72,1
DA:73,2
DA:82,1
DA:84,1
DA:85,2
DA:99,1
DA:100,1
DA:102,1
DA:103,4
DA:104,2
DA:105,1
DA:106,1
DA:112,1
DA:113,2
DA:115,1
DA:116,1
DA:125,0
DA:126,0
DA:127,0
DA:131,1
DA:140,0
DA:141,0
DA:142,0
DA:154,1
DA:164,0
DA:165,0
DA:166,0
DA:177,0
DA:178,0
DA:180,0
DA:182,0
DA:197,0
DA:198,0
DA:199,0
DA:204,0
DA:205,0
DA:206,0
DA:207,0
LF:62
LH:41
end_of_record
SF:lib\presentation\widgets\common\tourist_bottom_navigation.dart
DA:9,2
DA:15,2
DA:17,2
DA:19,2
DA:21,2
DA:23,2
DA:24,2
DA:25,2
DA:26,2
DA:37,2
DA:38,2
DA:39,2
DA:40,4
DA:46,2
DA:47,2
DA:48,4
DA:54,2
DA:55,2
DA:56,4
DA:62,2
DA:63,2
DA:64,4
LF:22
LH:22
end_of_record
SF:lib\presentation\widgets\forms\profile_completion_form.dart
DA:8,1
DA:10,1
DA:11,1
DA:20,1
DA:22,2
DA:23,2
DA:24,2
DA:25,1
DA:28,1
DA:30,1
DA:31,1
DA:32,1
DA:34,1
DA:36,1
DA:37,1
DA:44,1
DA:45,2
DA:48,3
DA:57,1
DA:58,1
DA:65,1
DA:66,2
DA:69,3
DA:78,1
DA:79,1
DA:87,1
DA:88,2
DA:90,1
DA:91,2
DA:94,3
DA:114,1
DA:115,1
DA:116,1
DA:129,1
DA:130,3
DA:131,3
DA:132,3
DA:133,3
DA:135,3
DA:136,1
DA:139,1
LF:41
LH:41
end_of_record
SF:lib\presentation\widgets\common\loading_overlay.dart
DA:8,1
DA:14,1
DA:16,1
DA:17,2
DA:18,1
DA:19,1
DA:20,1
DA:22,1
DA:24,1
DA:26,2
DA:28,1
DA:29,1
LF:12
LH:12
end_of_record
SF:lib\presentation\widgets\forms\profile_edit_form.dart
DA:12,1
DA:17,1
DA:18,1
DA:28,1
DA:30,1
DA:31,5
DA:32,5
DA:33,5
DA:34,5
DA:37,1
DA:39,2
DA:40,2
DA:41,2
DA:42,2
DA:43,1
DA:46,1
DA:48,1
DA:49,1
DA:50,1
DA:52,1
DA:54,1
DA:55,1
DA:62,2
DA:67,1
DA:68,1
DA:75,1
DA:76,2
DA:79,3
DA:88,1
DA:89,1
DA:96,1
DA:97,2
DA:100,3
DA:109,1
DA:110,1
DA:118,1
DA:119,2
DA:121,1
DA:122,2
DA:125,3
DA:135,1
DA:137,1
DA:138,2
DA:139,1
DA:141,1
DA:142,1
DA:143,1
DA:144,4
DA:145,1
DA:148,1
DA:150,1
DA:158,1
DA:159,4
DA:183,1
DA:184,1
DA:185,1
DA:198,1
DA:199,3
DA:200,3
DA:201,3
DA:202,3
DA:205,4
DA:206,4
DA:207,4
DA:210,3
DA:219,3
DA:220,1
DA:223,1
DA:229,1
DA:231,1
DA:233,1
DA:235,1
DA:240,1
DA:242,1
DA:244,1
DA:246,1
LF:76
LH:76
end_of_record
SF:lib\presentation\pages\provider\provider_form_page.dart
DA:10,1
DA:17,0
DA:18,0
DA:29,0
DA:31,0
DA:33,0
DA:34,0
DA:35,0
DA:39,0
DA:40,0
DA:41,0
DA:42,0
DA:43,0
DA:44,0
DA:45,0
DA:48,0
DA:50,0
DA:51,0
DA:52,0
DA:53,0
DA:54,0
DA:55,0
DA:58,0
DA:60,0
DA:61,0
DA:62,0
DA:63,0
DA:64,0
DA:65,0
DA:70,0
DA:71,0
DA:72,0
DA:73,0
DA:74,0
DA:75,0
DA:76,0
DA:80,0
DA:81,0
DA:82,0
DA:84,0
DA:85,0
DA:86,0
DA:87,0
DA:92,0
DA:93,0
DA:100,0
DA:101,0
DA:107,0
DA:108,0
DA:111,0
DA:118,0
DA:119,0
DA:125,0
DA:126,0
DA:133,0
DA:134,0
DA:142,0
DA:143,0
DA:158,0
DA:159,0
DA:160,0
DA:161,0
DA:162,0
DA:163,0
DA:164,0
DA:165,0
DA:167,0
DA:168,0
DA:170,0
DA:173,0
DA:174,0
DA:175,0
DA:176,0
DA:178,0
LF:74
LH:1
end_of_record
SF:lib\presentation\widgets\common\error_widget.dart
DA:9,1
DA:17,1
DA:19,1
DA:20,1
DA:22,1
DA:24,1
DA:25,1
DA:26,1
DA:28,1
DA:31,1
DA:32,0
DA:33,0
DA:34,0
DA:36,0
DA:42,1
DA:43,1
DA:44,4
DA:45,1
DA:49,2
DA:51,1
DA:52,1
DA:55,1
DA:71,0
DA:76,0
DA:78,0
DA:82,0
DA:91,0
DA:97,0
DA:99,0
DA:101,0
DA:103,0
DA:111,0
DA:116,0
DA:118,0
DA:119,0
DA:121,0
DA:123,0
DA:124,0
DA:127,0
DA:130,0
DA:132,0
DA:134,0
DA:139,0
DA:141,0
DA:142,0
DA:146,0
DA:148,0
DA:149,0
DA:152,0
LF:49
LH:18
end_of_record
SF:lib\presentation\widgets\provider\provider_list_item.dart
DA:6,0
DA:19,0
DA:21,0
DA:23,0
DA:24,0
DA:25,0
DA:26,0
DA:27,0
DA:28,0
DA:29,0
DA:30,0
DA:31,0
DA:32,0
DA:33,0
DA:37,0
DA:38,0
DA:39,0
DA:41,0
DA:43,0
DA:44,0
DA:45,0
DA:46,0
DA:47,0
DA:48,0
DA:49,0
DA:50,0
DA:52,0
DA:55,0
DA:56,0
DA:57,0
DA:58,0
DA:63,0
DA:70,0
DA:71,0
DA:72,0
DA:75,0
DA:76,0
DA:77,0
DA:84,0
DA:85,0
DA:87,0
DA:88,0
DA:90,0
DA:91,0
DA:95,0
DA:118,0
LF:46
LH:0
end_of_record
SF:lib\presentation\widgets\provider\provider_search_bar.dart
DA:5,0
DA:14,0
DA:16,0
DA:18,0
DA:19,0
DA:20,0
DA:21,0
DA:23,0
DA:24,0
DA:27,0
DA:28,0
DA:29,0
DA:30,0
LF:13
LH:0
end_of_record
SF:lib\presentation\widgets\provider\provider_filter_sheet.dart
DA:5,0
DA:14,0
DA:15,0
DA:21,0
DA:23,0
DA:24,0
DA:27,0
DA:29,0
DA:31,0
DA:34,0
DA:35,0
DA:37,0
DA:38,0
DA:40,0
DA:42,0
DA:43,0
DA:49,0
DA:51,0
DA:52,0
DA:53,0
DA:54,0
DA:59,0
DA:60,0
DA:61,0
DA:62,0
DA:63,0
DA:64,0
DA:65,0
DA:72,0
DA:73,0
DA:74,0
DA:75,0
DA:76,0
LF:33
LH:0
end_of_record
SF:lib\presentation\pages\tour_template\tour_template_form_page.dart
DA:16,2
DA:21,1
DA:22,1
DA:35,3
DA:37,1
DA:39,1
DA:40,1
DA:43,1
DA:44,1
DA:45,2
DA:46,3
DA:47,3
DA:48,2
DA:49,2
DA:50,2
DA:51,3
DA:55,1
DA:57,2
DA:58,2
DA:59,1
DA:62,0
DA:63,0
DA:67,0
DA:68,0
DA:76,0
DA:77,0
DA:85,0
DA:86,0
DA:87,0
DA:88,0
DA:90,0
DA:94,0
DA:95,0
DA:96,0
DA:97,0
DA:98,0
DA:99,0
DA:100,0
DA:103,0
DA:104,0
DA:105,0
DA:108,0
DA:109,0
DA:114,0
DA:115,0
DA:116,0
DA:118,0
DA:119,0
DA:124,0
DA:125,0
DA:126,0
DA:130,1
DA:131,2
DA:132,1
DA:136,0
DA:137,0
DA:138,0
DA:142,1
DA:143,2
DA:144,5
DA:147,1
DA:149,1
DA:150,1
DA:151,2
DA:152,1
DA:153,1
DA:154,1
DA:155,2
DA:159,1
DA:160,0
DA:161,0
DA:162,0
DA:163,0
DA:164,0
DA:165,0
DA:168,0
DA:169,0
DA:170,0
DA:171,0
DA:172,0
DA:175,0
DA:178,1
DA:179,1
DA:183,1
DA:185,1
DA:186,1
DA:187,1
DA:189,1
DA:191,1
DA:192,1
DA:198,0
DA:199,0
DA:202,0
DA:211,1
DA:212,1
DA:223,1
DA:224,1
DA:225,1
DA:226,1
DA:228,1
DA:229,1
DA:233,1
DA:234,1
DA:236,1
DA:237,1
DA:238,1
DA:246,2
DA:247,1
DA:249,1
DA:250,3
DA:251,1
DA:253,1
DA:254,1
DA:255,1
DA:257,1
DA:258,1
DA:259,1
DA:262,1
DA:263,4
DA:264,1
DA:265,1
DA:266,1
DA:267,1
DA:268,1
DA:269,1
DA:270,1
DA:277,1
DA:280,1
DA:284,1
DA:285,1
DA:287,1
DA:290,1
DA:291,1
DA:292,1
DA:294,1
DA:297,1
DA:298,2
DA:299,1
DA:301,1
DA:302,1
DA:316,1
DA:322,1
DA:323,1
DA:324,1
DA:325,1
DA:326,1
DA:327,1
DA:328,2
DA:331,0
DA:334,1
DA:335,1
DA:340,1
DA:342,3
DA:343,1
DA:346,1
DA:347,3
LF:156
LH:106
end_of_record
SF:lib\presentation\widgets\forms\tour_template_form.dart
DA:9,1
DA:15,1
DA:16,1
DA:22,1
DA:24,1
DA:25,4
DA:28,0
DA:29,0
DA:30,0
DA:36,0
DA:39,0
DA:40,0
DA:41,0
DA:43,0
DA:46,0
DA:47,0
DA:48,0
DA:50,0
DA:53,1
DA:55,1
DA:57,1
DA:58,1
DA:60,1
DA:61,1
DA:63,3
DA:65,1
DA:66,1
DA:73,2
DA:74,1
DA:76,1
DA:77,1
DA:78,1
DA:79,1
DA:80,1
DA:81,1
DA:83,1
DA:85,1
DA:86,1
DA:87,1
DA:90,3
DA:93,1
DA:95,4
DA:96,3
DA:100,1
DA:102,4
DA:103,3
DA:111,4
DA:112,1
DA:114,1
DA:115,2
DA:116,0
DA:117,0
DA:131,1
DA:137,1
DA:138,1
DA:145,1
DA:147,1
DA:148,5
DA:149,5
DA:152,1
DA:154,2
DA:155,2
DA:156,1
DA:159,0
DA:160,0
DA:161,0
DA:162,0
DA:163,0
DA:165,0
DA:168,1
DA:170,1
DA:171,1
DA:173,1
DA:174,1
DA:175,1
DA:176,1
DA:177,1
DA:178,1
DA:180,3
DA:183,1
DA:184,2
DA:186,3
DA:191,1
DA:192,1
DA:198,0
DA:199,0
DA:200,0
DA:207,1
DA:208,1
DA:214,0
DA:215,0
DA:216,0
DA:219,0
DA:220,0
LF:94
LH:66
end_of_record
SF:lib\presentation\widgets\tour_template\tour_template_list_item.dart
DA:9,1
DA:15,1
DA:17,1
DA:19,1
DA:21,1
DA:23,1
DA:24,1
DA:25,1
DA:26,1
DA:27,1
DA:29,1
DA:30,1
DA:31,2
DA:33,4
DA:38,1
DA:39,2
DA:40,4
DA:41,1
DA:42,1
DA:43,1
DA:52,1
DA:53,1
DA:54,1
DA:55,2
DA:64,1
DA:65,2
DA:66,1
DA:67,1
DA:68,2
DA:73,3
DA:91,1
DA:92,1
DA:93,1
DA:96,3
DA:99,1
DA:100,7
DA:101,4
DA:102,3
DA:106,1
DA:109,3
DA:112,1
DA:113,6
DA:114,4
DA:115,3
DA:120,4
DA:122,1
DA:123,1
DA:124,1
DA:127,3
DA:130,1
DA:131,8
DA:132,4
DA:133,3
DA:145,1
DA:146,1
DA:147,1
DA:148,2
DA:149,1
DA:150,3
DA:155,3
DA:156,1
DA:157,3
DA:162,1
DA:164,4
LF:64
LH:64
end_of_record
SF:lib\presentation\widgets\tour_template\tour_template_search_bar.dart
DA:9,1
DA:16,1
DA:17,1
DA:21,1
DA:23,1
DA:24,2
DA:25,1
DA:26,2
DA:28,4
DA:29,0
DA:30,0
DA:31,0
DA:32,0
DA:37,1
DA:38,1
DA:41,1
DA:42,1
DA:43,1
DA:44,1
DA:46,2
DA:47,2
LF:21
LH:17
end_of_record
SF:lib\presentation\widgets\tour_template\tour_template_filter_sheet.dart
DA:14,0
DA:22,0
DA:24,0
DA:32,0
DA:34,0
DA:35,0
DA:36,0
DA:37,0
DA:40,0
DA:41,0
DA:42,0
DA:43,0
DA:44,0
DA:46,0
DA:49,0
DA:50,0
DA:51,0
DA:52,0
DA:53,0
DA:57,0
DA:58,0
DA:59,0
DA:60,0
DA:61,0
DA:63,0
DA:66,0
DA:67,0
DA:69,0
DA:70,0
DA:76,0
DA:77,0
DA:78,0
DA:79,0
DA:80,0
DA:81,0
DA:84,0
DA:85,0
DA:90,0
DA:92,0
DA:93,0
DA:97,0
DA:99,0
DA:102,0
DA:103,0
DA:105,0
DA:106,0
DA:108,0
DA:110,0
DA:111,0
DA:119,0
DA:121,0
DA:124,0
DA:139,0
DA:140,0
DA:141,0
DA:142,0
DA:149,0
DA:151,0
DA:154,0
DA:155,0
DA:156,0
DA:157,0
DA:159,0
DA:160,0
DA:164,0
DA:165,0
DA:167,0
DA:168,0
DA:176,0
DA:177,0
DA:178,0
DA:179,0
DA:180,0
DA:185,0
DA:186,0
DA:187,0
DA:198,0
DA:203,0
DA:205,0
DA:206,0
DA:211,0
DA:213,0
DA:214,0
DA:217,0
DA:218,0
LF:85
LH:0
end_of_record
SF:lib\presentation\widgets\common\accessibility_widgets.dart
DA:16,1
DA:26,1
DA:30,1
DA:31,1
DA:32,1
DA:33,1
DA:34,1
DA:35,1
DA:38,1
DA:39,1
DA:40,1
DA:41,1
DA:42,1
DA:45,1
DA:46,1
DA:47,1
DA:48,1
DA:49,1
DA:54,1
DA:55,1
DA:56,1
DA:61,1
DA:62,1
DA:64,1
DA:95,0
DA:119,1
DA:120,1
DA:127,1
DA:129,1
DA:130,4
DA:131,3
DA:134,0
DA:136,0
DA:137,0
DA:138,0
DA:140,0
DA:143,0
DA:145,0
DA:146,0
DA:149,0
DA:150,0
DA:152,0
DA:153,0
DA:159,1
DA:161,1
DA:162,2
DA:163,1
DA:164,2
DA:165,2
DA:166,2
DA:167,2
DA:168,2
DA:169,2
DA:170,2
DA:171,2
DA:172,2
DA:173,2
DA:178,1
DA:179,2
DA:180,2
DA:181,2
DA:182,2
DA:183,2
DA:184,2
DA:188,1
DA:189,4
DA:191,2
DA:192,1
DA:193,1
DA:213,2
DA:226,2
DA:228,2
DA:229,2
DA:230,2
DA:231,2
DA:232,2
DA:233,2
DA:234,2
DA:235,2
DA:236,2
DA:237,2
DA:238,2
DA:239,2
DA:240,2
DA:241,2
DA:258,1
DA:269,1
DA:271,1
DA:273,1
DA:274,1
DA:275,1
DA:276,1
DA:277,1
DA:278,1
DA:279,1
DA:280,1
DA:281,1
DA:282,1
DA:287,1
DA:288,1
DA:289,1
DA:290,1
DA:306,1
DA:317,1
DA:319,1
DA:320,3
DA:321,1
DA:322,1
DA:323,1
DA:330,1
DA:331,1
DA:332,1
DA:337,1
DA:338,2
DA:340,1
DA:352,0
DA:359,0
DA:361,0
DA:363,0
DA:364,0
DA:374,1
DA:380,1
DA:381,1
DA:388,1
DA:390,1
DA:391,2
DA:392,2
DA:395,1
DA:397,2
DA:398,2
DA:399,1
DA:402,1
DA:404,2
DA:405,2
DA:408,1
DA:409,1
DA:410,1
DA:411,1
DA:412,0
DA:414,0
DA:419,3
DA:420,1
DA:421,1
DA:422,0
DA:424,0
DA:440,1
DA:447,1
DA:448,1
DA:455,1
DA:457,1
DA:458,4
DA:459,3
DA:462,1
DA:464,3
DA:465,2
DA:466,2
DA:468,1
DA:471,0
DA:472,0
DA:473,0
DA:477,1
DA:479,1
DA:480,1
DA:482,1
DA:483,1
DA:485,1
DA:486,1
DA:487,1
DA:488,2
DA:489,1
DA:490,3
DA:491,3
DA:493,3
DA:525,1
DA:550,1
DA:552,1
DA:553,1
DA:554,1
DA:555,1
DA:556,1
DA:557,1
DA:558,1
DA:559,1
DA:560,1
DA:561,1
DA:562,1
DA:563,1
DA:564,1
DA:565,1
DA:566,1
DA:567,1
DA:568,1
DA:569,1
DA:570,1
DA:571,1
DA:572,1
DA:573,1
DA:585,0
DA:593,1
DA:595,4
DA:596,1
DA:599,1
DA:601,1
DA:603,2
DA:604,1
DA:605,1
DA:607,1
DA:608,2
DA:609,2
DA:611,1
DA:612,1
DA:613,3
DA:629,0
DA:637,1
DA:639,1
DA:640,1
DA:641,1
DA:642,1
DA:643,1
DA:644,1
DA:646,1
DA:647,1
DA:648,1
DA:650,1
DA:651,1
DA:653,1
DA:655,2
DA:657,1
DA:658,1
DA:684,1
DA:696,1
DA:697,1
DA:703,1
DA:705,1
DA:706,3
DA:709,1
DA:711,1
DA:712,2
DA:713,2
DA:715,1
DA:718,1
DA:719,1
DA:720,2
DA:721,2
DA:722,2
DA:723,2
DA:724,1
DA:725,2
DA:726,1
DA:728,2
DA:730,2
LF:251
LH:224
end_of_record
SF:lib\core\network\token_storage.dart
DA:16,1
DA:30,1
DA:33,1
DA:39,1
DA:42,1
DA:48,1
DA:54,2
DA:55,1
DA:56,1
DA:63,1
DA:66,2
DA:67,1
DA:68,1
LF:13
LH:13
end_of_record
SF:lib\core\security\request_signer.dart
DA:8,1
DA:15,1
DA:23,1
DA:32,2
DA:33,1
DA:34,1
DA:35,1
DA:37,1
DA:41,1
DA:51,3
DA:52,3
DA:57,1
DA:66,1
DA:70,1
DA:78,1
DA:79,1
DA:82,1
DA:83,1
DA:86,1
DA:87,1
DA:90,1
DA:94,1
DA:95,1
DA:96,3
DA:98,2
DA:99,1
DA:100,1
DA:101,2
DA:102,1
DA:103,2
DA:105,1
DA:113,1
DA:114,2
DA:115,1
DA:116,0
DA:117,1
DA:118,0
DA:122,1
DA:126,1
DA:127,3
DA:132,3
DA:133,4
DA:136,1
DA:142,1
DA:165,1
DA:166,4
DA:172,3
DA:174,1
DA:178,2
DA:179,5
LF:50
LH:48
end_of_record
SF:lib\core\security\input_validator.dart
DA:6,3
DA:10,3
DA:14,3
DA:16,3
DA:18,3
DA:23,3
DA:29,1
DA:30,1
DA:31,1
DA:34,1
DA:35,2
DA:36,1
DA:39,2
DA:40,1
DA:43,1
DA:47,1
DA:48,1
DA:49,0
DA:52,1
DA:53,2
DA:54,0
DA:57,1
DA:61,1
DA:62,1
DA:63,2
DA:66,1
DA:67,2
DA:68,2
DA:71,2
DA:72,2
DA:75,2
DA:76,2
DA:79,1
DA:83,1
DA:84,1
DA:85,1
DA:88,2
DA:89,1
DA:92,2
DA:93,0
DA:97,2
DA:98,1
DA:102,2
DA:103,1
DA:107,2
DA:108,1
DA:112,2
DA:113,1
DA:116,1
DA:120,1
DA:121,1
DA:122,1
DA:125,2
DA:126,2
DA:127,1
DA:130,2
DA:131,1
DA:134,1
DA:138,0
DA:145,0
DA:147,0
DA:149,0
DA:152,0
DA:154,0
DA:155,0
DA:158,0
DA:159,0
DA:162,0
DA:166,0
DA:167,0
DA:169,0
DA:171,0
DA:174,0
DA:177,0
DA:178,0
DA:179,0
DA:181,0
DA:183,0
DA:188,1
DA:190,2
DA:193,2
DA:196,2
DA:199,1
DA:202,2
DA:205,2
DA:208,1
DA:214,1
DA:216,2
DA:219,1
DA:220,1
DA:221,5
DA:228,0
DA:230,0
DA:233,0
DA:236,0
DA:242,1
DA:249,1
DA:252,3
DA:253,1
DA:254,3
DA:258,1
DA:259,3
DA:260,2
DA:264,1
DA:265,0
DA:268,1
DA:272,1
DA:274,2
DA:277,2
DA:280,2
DA:281,2
DA:282,5
DA:283,5
DA:290,1
DA:291,1
DA:297,3
DA:298,1
DA:302,1
DA:304,3
DA:305,1
DA:307,1
DA:309,0
DA:312,1
DA:318,1
DA:328,1
DA:329,1
DA:335,1
DA:336,1
LF:128
LH:99
end_of_record
SF:lib\core\security\secure_session_manager.dart
DA:8,1
DA:15,1
DA:37,1
DA:42,1
DA:43,2
DA:44,2
DA:45,1
DA:48,2
DA:49,3
DA:50,3
DA:51,3
DA:52,3
DA:53,2
DA:54,2
DA:56,3
DA:59,1
DA:63,1
DA:66,2
DA:68,1
DA:72,2
DA:73,1
DA:74,1
DA:75,1
DA:76,1
DA:80,0
DA:82,0
DA:83,0
DA:84,0
DA:85,0
DA:90,0
DA:92,0
DA:93,0
DA:94,0
DA:95,0
DA:100,0
DA:102,0
DA:104,0
DA:105,0
DA:110,1
DA:111,1
DA:112,1
DA:113,3
DA:114,1
DA:118,1
DA:119,1
DA:120,1
DA:123,0
DA:127,0
DA:128,0
DA:129,0
DA:132,0
DA:136,1
DA:140,2
DA:141,2
DA:142,2
DA:144,1
DA:148,0
DA:149,0
DA:150,0
DA:154,0
DA:156,0
DA:162,0
DA:163,0
DA:164,0
DA:168,1
DA:169,2
DA:170,1
DA:171,1
DA:172,1
DA:174,2
DA:175,2
DA:176,2
DA:177,2
DA:178,2
DA:179,2
DA:180,2
DA:181,2
DA:186,1
DA:187,2
DA:192,0
DA:193,0
DA:194,0
DA:198,0
DA:199,0
DA:201,0
DA:202,0
DA:203,0
DA:204,0
DA:205,0
DA:210,1
DA:211,2
DA:212,1
DA:213,1
DA:214,3
DA:218,1
DA:221,2
DA:222,1
DA:223,4
DA:227,1
DA:228,1
DA:232,1
DA:233,2
DA:234,3
DA:235,0
DA:240,1
DA:241,2
DA:247,1
DA:255,1
DA:259,1
DA:260,1
DA:263,1
DA:264,1
DA:270,1
DA:282,1
DA:283,1
DA:284,3
DA:289,1
DA:290,1
DA:291,3
LF:119
LH:81
end_of_record
SF:lib\core\services\cache_service.dart
DA:6,3
DA:7,2
DA:8,1
DA:17,1
DA:23,2
DA:24,2
DA:25,1
DA:27,1
DA:29,1
DA:31,1
DA:39,1
DA:43,2
DA:44,2
DA:46,1
DA:49,1
DA:52,1
DA:53,2
DA:54,1
DA:60,1
DA:63,2
DA:64,2
DA:66,1
DA:69,1
DA:73,2
DA:74,2
DA:76,1
DA:79,1
DA:83,2
DA:84,2
DA:87,1
DA:91,1
DA:96,1
DA:97,2
DA:98,1
DA:100,2
DA:107,1
DA:108,1
DA:111,1
DA:112,2
DA:113,1
DA:115,2
DA:122,1
DA:123,1
DA:126,0
DA:127,0
DA:128,0
DA:130,0
DA:137,0
DA:138,0
DA:141,0
DA:142,0
DA:143,0
DA:145,0
DA:152,0
DA:153,0
DA:156,0
DA:157,0
DA:158,0
DA:160,0
DA:167,0
DA:168,0
DA:171,0
DA:172,0
DA:173,0
DA:175,0
DA:182,0
DA:183,0
DA:186,1
DA:187,2
DA:190,1
DA:191,2
LF:71
LH:47
end_of_record
SF:lib\core\database\database_helper.dart
DA:6,3
DA:9,2
DA:11,1
DA:13,1
DA:14,1
DA:18,1
DA:19,1
DA:20,1
DA:22,1
DA:25,1
DA:26,1
DA:30,1
DA:32,1
DA:41,1
DA:50,1
DA:59,1
DA:68,1
DA:77,1
DA:86,1
DA:98,0
DA:102,1
DA:103,1
DA:104,1
DA:105,1
DA:106,1
DA:107,1
DA:108,1
DA:109,1
DA:112,1
DA:113,1
DA:114,2
DA:116,2
DA:117,2
DA:118,2
DA:119,2
DA:120,2
DA:121,2
DA:124,1
DA:127,1
LF:39
LH:38
end_of_record
SF:lib\core\services\connectivity_service.dart
DA:5,3
DA:6,2
DA:7,1
DA:13,2
DA:15,1
DA:16,2
DA:17,2
DA:20,1
DA:22,1
DA:25,3
DA:26,0
DA:30,1
DA:32,2
DA:33,0
DA:35,0
DA:36,0
DA:37,0
DA:40,0
DA:41,0
DA:45,1
DA:46,1
DA:47,1
DA:52,1
DA:54,2
DA:55,0
DA:56,0
DA:57,0
DA:63,1
DA:64,2
DA:65,1
LF:30
LH:20
end_of_record
SF:lib\data\repositories\custom_tour_repository_impl.dart
DA:11,1
DA:13,0
DA:20,0
DA:22,0
DA:23,0
DA:24,0
DA:25,0
DA:27,0
DA:32,0
DA:33,0
DA:35,0
DA:36,0
DA:37,0
DA:38,0
DA:39,0
DA:41,0
DA:45,0
DA:48,0
DA:50,0
DA:51,0
DA:52,0
DA:53,0
DA:55,0
DA:59,0
DA:61,0
DA:62,0
DA:65,0
DA:66,0
DA:67,0
DA:68,0
DA:70,0
DA:74,0
DA:76,0
DA:77,0
DA:79,0
DA:82,0
DA:83,0
DA:84,0
DA:85,0
DA:87,0
DA:91,0
DA:93,0
DA:94,0
DA:95,0
DA:96,0
DA:99,0
DA:100,0
DA:101,0
DA:102,0
DA:104,0
DA:108,0
DA:110,0
DA:112,0
DA:113,0
DA:114,0
DA:118,0
DA:123,0
DA:124,0
DA:125,0
DA:128,0
DA:129,0
DA:130,0
DA:131,0
DA:133,0
DA:137,0
DA:139,0
DA:142,0
DA:144,0
DA:147,0
DA:149,0
DA:152,0
DA:154,0
DA:157,0
DA:159,0
DA:160,0
DA:161,0
DA:164,0
DA:165,0
DA:166,0
DA:167,0
DA:169,0
DA:173,0
DA:175,0
DA:176,0
DA:179,0
DA:180,0
DA:181,0
DA:182,0
DA:184,0
DA:188,0
DA:200,0
DA:202,0
DA:203,0
DA:204,0
DA:207,0
DA:210,0
DA:212,0
DA:213,0
DA:214,0
DA:215,0
DA:216,0
DA:218,0
DA:223,0
DA:224,0
DA:226,0
DA:227,0
DA:228,0
DA:229,0
DA:230,0
DA:232,0
LF:110
LH:1
end_of_record
SF:lib\data\models\custom_tour_model.dart
DA:34,0
DA:52,0
DA:53,0
DA:55,0
DA:57,0
DA:58,0
DA:59,0
DA:60,0
DA:61,0
DA:62,0
DA:63,0
DA:64,0
DA:65,0
DA:66,0
DA:67,0
DA:68,0
DA:69,0
DA:70,0
DA:71,0
DA:72,0
DA:73,0
DA:77,0
DA:78,0
DA:79,0
DA:80,0
DA:81,0
DA:82,0
DA:83,0
DA:84,0
DA:85,0
DA:86,0
DA:87,0
DA:88,0
DA:89,0
DA:90,0
DA:91,0
DA:92,0
DA:93,0
DA:97,0
DA:98,0
DA:99,0
DA:101,0
DA:103,0
DA:105,0
DA:107,0
LF:45
LH:0
end_of_record
SF:lib\data\models\custom_tour_model.g.dart
DA:9,0
DA:10,0
DA:11,0
DA:12,0
DA:13,0
DA:14,0
DA:15,0
DA:16,0
DA:17,0
DA:18,0
DA:19,0
DA:20,0
DA:21,0
DA:22,0
DA:23,0
DA:24,0
DA:25,0
DA:28,0
DA:29,0
DA:30,0
DA:31,0
DA:32,0
DA:33,0
DA:34,0
DA:35,0
DA:36,0
DA:37,0
DA:38,0
DA:39,0
DA:40,0
DA:41,0
DA:42,0
DA:43,0
DA:44,0
LF:34
LH:0
end_of_record
SF:lib\data\repositories\document_repository_impl.dart
DA:9,1
DA:15,1
DA:25,1
DA:26,1
DA:27,2
DA:28,1
DA:29,1
DA:30,2
DA:33,2
DA:40,1
DA:41,1
DA:42,1
DA:43,2
DA:45,2
DA:48,1
DA:49,2
DA:55,1
DA:58,2
DA:59,1
DA:62,1
DA:63,1
DA:64,1
DA:65,2
DA:67,2
DA:70,0
DA:71,0
DA:77,1
DA:87,1
DA:88,1
DA:89,2
DA:90,2
DA:91,0
DA:92,1
DA:93,1
DA:96,2
DA:101,1
DA:102,1
DA:103,1
DA:105,3
DA:106,3
DA:107,1
DA:108,1
DA:110,0
DA:113,0
DA:114,0
DA:120,1
DA:129,1
DA:130,1
DA:131,0
DA:132,0
DA:133,0
DA:134,0
DA:137,2
DA:142,1
DA:143,1
DA:144,1
DA:146,3
DA:147,3
DA:148,1
DA:149,1
DA:151,0
DA:154,0
DA:155,0
DA:161,1
DA:170,1
DA:171,1
DA:172,1
DA:173,1
DA:174,0
DA:175,0
DA:176,0
DA:179,2
DA:184,1
DA:185,1
DA:186,1
DA:188,3
DA:189,3
DA:190,1
DA:191,1
DA:193,0
DA:196,0
DA:197,0
DA:203,1
DA:206,2
DA:207,1
DA:210,1
DA:211,1
DA:212,1
DA:213,1
DA:215,0
DA:218,0
DA:219,0
DA:225,1
DA:232,1
DA:233,1
DA:234,1
DA:235,1
DA:238,2
DA:239,1
DA:243,1
DA:244,1
DA:245,1
DA:246,2
DA:248,0
DA:251,0
DA:252,0
DA:258,1
DA:265,1
DA:271,2
DA:272,1
DA:276,1
DA:277,1
DA:278,1
DA:279,2
DA:281,0
DA:284,0
DA:285,0
DA:291,1
DA:294,2
DA:295,1
DA:298,1
DA:299,1
DA:300,2
DA:303,0
DA:304,0
DA:310,1
DA:317,1
DA:318,1
DA:319,2
DA:322,2
DA:323,1
DA:327,1
DA:328,1
DA:329,1
DA:330,2
DA:332,0
DA:335,0
DA:336,0
DA:342,1
DA:348,1
DA:349,1
DA:350,1
DA:353,2
DA:358,1
DA:359,1
DA:360,1
DA:361,1
DA:363,0
DA:366,0
DA:367,0
DA:373,1
DA:386,1
DA:387,1
DA:388,1
DA:389,0
DA:390,2
DA:391,0
DA:392,0
DA:393,0
DA:394,0
DA:395,0
DA:398,2
DA:403,1
DA:404,1
DA:405,1
DA:407,3
DA:408,3
DA:409,1
DA:410,1
DA:412,0
DA:415,0
DA:416,0
DA:422,1
DA:431,1
DA:432,1
DA:433,1
DA:434,0
DA:435,0
DA:436,0
DA:439,2
DA:444,1
DA:445,1
DA:446,1
DA:448,3
DA:449,3
DA:450,1
DA:451,1
DA:453,0
DA:456,0
DA:457,0
DA:463,1
DA:470,1
DA:471,1
DA:472,1
DA:473,1
DA:474,1
DA:477,2
DA:482,1
DA:483,1
DA:484,1
DA:486,3
DA:487,3
DA:488,1
DA:489,1
DA:491,0
DA:494,0
DA:495,0
DA:501,1
DA:508,1
DA:515,2
DA:520,1
DA:521,1
DA:522,1
DA:524,3
DA:525,3
DA:526,1
DA:527,1
DA:529,0
DA:532,0
DA:533,0
LF:220
LH:163
end_of_record
SF:lib\data\models\document_model.dart
DA:39,1
DA:59,1
DA:60,1
DA:62,0
DA:64,0
DA:65,0
DA:66,0
DA:67,0
DA:68,0
DA:69,0
DA:70,0
DA:71,0
DA:72,0
DA:73,0
DA:74,0
DA:75,0
DA:76,0
DA:77,0
DA:78,0
DA:79,0
DA:80,0
DA:81,0
DA:82,0
DA:86,1
DA:87,1
DA:88,1
DA:89,1
DA:90,1
DA:91,1
DA:92,1
DA:93,2
DA:94,2
DA:95,1
DA:96,1
DA:97,1
DA:98,2
DA:99,3
DA:100,1
DA:101,1
DA:102,3
DA:103,1
DA:104,1
DA:108,1
DA:109,1
DA:110,1
DA:112,0
DA:114,0
DA:116,0
DA:117,0
DA:119,0
DA:120,0
DA:122,0
DA:129,1
DA:130,1
DA:131,1
DA:133,1
DA:135,1
DA:137,0
LF:58
LH:30
end_of_record
SF:lib\data\models\document_model.g.dart
DA:9,1
DA:10,1
DA:11,1
DA:12,1
DA:13,1
DA:14,1
DA:15,1
DA:16,1
DA:17,1
DA:18,1
DA:19,1
DA:20,1
DA:21,1
DA:22,1
DA:23,1
DA:24,1
DA:25,1
DA:26,1
DA:27,1
DA:30,0
DA:31,0
DA:32,0
DA:33,0
DA:34,0
DA:35,0
DA:36,0
DA:37,0
DA:38,0
DA:39,0
DA:40,0
DA:41,0
DA:42,0
DA:43,0
DA:44,0
DA:45,0
DA:46,0
DA:47,0
DA:48,0
LF:38
LH:19
end_of_record
SF:lib\data\repositories\message_repository_impl.dart
DA:9,1
DA:11,0
DA:20,0
DA:29,0
DA:31,0
DA:34,0
DA:37,0
DA:44,0
DA:53,0
DA:55,0
DA:58,0
DA:61,1
DA:63,3
DA:65,1
DA:67,4
DA:68,1
DA:71,0
DA:73,0
DA:75,0
DA:77,0
DA:78,0
DA:81,0
DA:83,0
DA:85,0
DA:87,0
DA:88,0
DA:91,0
DA:93,0
DA:94,0
DA:95,0
DA:99,0
DA:101,0
DA:102,0
DA:103,0
DA:107,0
DA:112,0
DA:114,0
DA:121,0
DA:123,0
DA:124,0
DA:127,1
DA:129,3
DA:132,0
DA:140,0
DA:147,0
DA:148,0
DA:149,0
DA:152,0
DA:155,0
DA:157,0
DA:158,0
DA:161,0
DA:170,0
DA:179,0
DA:181,0
DA:184,0
DA:186,0
DA:187,0
LF:58
LH:8
end_of_record
SF:lib\data\models\message_model.dart
DA:8,1
DA:25,1
DA:26,1
DA:28,0
DA:30,0
DA:31,0
DA:32,0
DA:33,0
DA:34,0
DA:35,0
DA:36,0
DA:37,0
DA:38,0
DA:39,0
DA:40,0
DA:41,0
DA:42,0
DA:43,0
DA:44,0
DA:45,0
DA:49,1
DA:50,1
DA:51,1
DA:52,1
DA:53,1
DA:54,1
DA:55,1
DA:56,1
DA:57,1
DA:58,1
DA:59,1
DA:60,1
DA:61,1
DA:62,1
DA:63,1
DA:64,1
DA:68,0
DA:85,0
DA:86,0
DA:87,0
DA:88,0
DA:89,0
DA:90,0
DA:91,0
DA:92,0
DA:93,0
DA:94,0
DA:95,0
DA:96,0
DA:97,0
DA:98,0
DA:99,0
DA:113,0
DA:122,0
DA:123,0
DA:125,0
DA:135,0
DA:142,0
DA:143,0
DA:145,0
DA:157,0
DA:166,0
DA:167,0
DA:169,0
LF:64
LH:19
end_of_record
SF:lib\data\models\message_model.g.dart
DA:9,2
DA:10,1
DA:11,1
DA:12,1
DA:13,1
DA:14,1
DA:15,1
DA:16,1
DA:17,2
DA:18,2
DA:19,2
DA:20,1
DA:22,0
DA:23,3
DA:24,3
DA:25,1
DA:28,0
DA:29,0
DA:30,0
DA:31,0
DA:32,0
DA:33,0
DA:34,0
DA:35,0
DA:36,0
DA:37,0
DA:38,0
DA:39,0
DA:40,0
DA:41,0
DA:42,0
DA:43,0
DA:61,0
DA:62,0
DA:63,0
DA:64,0
DA:65,0
DA:66,0
DA:67,0
DA:68,0
DA:71,0
DA:72,0
DA:73,0
DA:74,0
DA:75,0
DA:76,0
DA:77,0
DA:78,0
DA:81,0
DA:82,0
DA:83,0
DA:84,0
DA:85,0
DA:86,0
DA:89,0
DA:90,0
DA:91,0
DA:92,0
DA:93,0
DA:94,0
DA:97,0
DA:98,0
DA:99,0
DA:100,0
DA:101,0
DA:102,0
DA:103,0
DA:105,0
DA:106,0
DA:108,0
DA:111,0
DA:112,0
DA:113,0
DA:114,0
DA:115,0
DA:116,0
DA:117,0
DA:118,0
DA:122,1
DA:124,0
DA:126,0
DA:130,1
DA:131,1
DA:132,3
DA:133,0
DA:135,0
DA:138,1
DA:141,0
DA:145,0
LF:89
LH:20
end_of_record
SF:lib\data\repositories\registration_repository_impl.dart
DA:9,1
DA:15,1
DA:24,1
DA:25,1
DA:26,1
DA:27,1
DA:28,1
DA:29,1
DA:32,2
DA:37,1
DA:38,1
DA:39,1
DA:40,2
DA:42,2
DA:45,1
DA:46,2
DA:52,1
DA:55,2
DA:56,1
DA:59,1
DA:60,1
DA:61,1
DA:62,2
DA:64,2
DA:67,0
DA:68,0
DA:74,1
DA:82,1
DA:83,1
DA:84,2
DA:85,1
DA:86,1
DA:89,2
DA:94,1
DA:95,1
DA:96,1
DA:98,3
DA:99,3
DA:100,1
DA:101,1
DA:103,0
DA:106,0
DA:107,0
DA:113,1
DA:121,1
DA:122,1
DA:123,0
DA:124,0
DA:125,0
DA:128,2
DA:133,1
DA:134,1
DA:135,1
DA:137,3
DA:138,3
DA:139,1
DA:140,1
DA:142,0
DA:145,0
DA:146,0
DA:152,1
DA:158,1
DA:159,1
DA:160,1
DA:163,2
DA:164,1
DA:168,1
DA:169,1
DA:170,1
DA:171,2
DA:173,0
DA:176,0
DA:177,0
DA:183,1
DA:189,1
DA:194,2
DA:195,1
DA:199,1
DA:200,1
DA:201,1
DA:202,2
DA:204,0
DA:207,0
DA:208,0
DA:214,1
DA:217,1
DA:221,2
DA:222,1
DA:226,1
DA:227,1
DA:228,1
DA:229,2
DA:231,0
DA:234,0
DA:235,0
DA:241,1
DA:249,1
DA:250,1
DA:251,1
DA:252,1
DA:255,2
DA:256,1
DA:260,1
DA:261,1
DA:262,1
DA:263,2
DA:265,0
DA:268,0
DA:269,0
DA:275,1
DA:280,2
DA:281,1
DA:284,1
DA:285,1
DA:286,1
DA:287,2
DA:289,2
DA:292,0
DA:293,0
DA:299,1
DA:302,1
DA:306,2
DA:307,1
DA:311,1
DA:312,1
DA:313,1
DA:314,2
DA:316,0
DA:319,0
DA:320,0
DA:326,1
DA:329,2
DA:330,1
DA:333,1
DA:334,1
DA:335,1
DA:336,1
DA:338,2
DA:341,0
DA:342,0
LF:140
LH:110
end_of_record
SF:lib\data\models\registration_model.dart
DA:31,1
DA:46,1
DA:47,1
DA:49,0
DA:51,0
DA:52,0
DA:53,0
DA:54,0
DA:55,0
DA:56,0
DA:57,0
DA:58,0
DA:59,0
DA:60,0
DA:61,0
DA:62,0
DA:63,0
DA:64,0
DA:68,1
DA:69,1
DA:70,1
DA:71,1
DA:72,1
DA:73,2
DA:74,1
DA:75,1
DA:76,1
DA:77,1
DA:78,2
DA:79,1
DA:80,1
DA:82,3
DA:86,1
DA:87,1
DA:88,1
DA:90,1
DA:92,1
DA:94,1
DA:96,1
LF:39
LH:24
end_of_record
SF:lib\data\models\registration_model.g.dart
DA:9,1
DA:10,1
DA:11,1
DA:12,1
DA:13,1
DA:14,1
DA:15,1
DA:16,1
DA:17,1
DA:18,1
DA:19,1
DA:20,1
DA:21,1
DA:22,1
DA:25,0
DA:26,0
DA:27,0
DA:28,0
DA:29,0
DA:30,0
DA:31,0
DA:32,0
DA:33,0
DA:34,0
DA:35,0
DA:36,0
DA:37,0
DA:38,0
LF:28
LH:14
end_of_record
SF:lib\data\repositories\user_repository_impl.dart
DA:9,1
DA:15,0
DA:18,0
DA:20,0
DA:21,0
DA:22,0
DA:23,0
DA:25,0
DA:28,0
DA:32,0
DA:39,0
DA:40,0
DA:41,0
DA:43,0
DA:48,0
DA:49,0
DA:50,0
DA:51,0
DA:53,0
DA:56,0
DA:60,0
DA:67,0
DA:68,0
DA:69,0
DA:70,0
DA:73,0
DA:78,0
DA:79,0
DA:80,0
DA:81,0
DA:83,0
DA:86,0
DA:90,0
DA:93,0
DA:94,0
DA:95,0
DA:96,0
DA:99,0
DA:100,0
DA:104,0
DA:108,0
DA:110,0
DA:111,0
DA:112,0
DA:113,0
DA:115,0
DA:118,0
DA:122,0
DA:125,0
DA:126,0
DA:127,0
DA:128,0
DA:131,0
DA:132,0
DA:133,0
DA:134,0
DA:136,0
DA:139,0
DA:140,0
DA:144,0
DA:152,0
DA:153,0
DA:154,0
DA:155,0
DA:156,0
DA:159,0
DA:160,0
DA:164,0
DA:165,0
DA:166,0
DA:167,0
DA:169,0
DA:172,0
DA:173,0
DA:177,0
DA:180,0
DA:186,0
DA:187,0
DA:188,0
DA:189,0
DA:191,0
DA:194,0
DA:195,0
DA:199,0
DA:202,0
DA:204,0
DA:205,0
DA:206,0
DA:209,0
DA:210,0
LF:90
LH:1
end_of_record
SF:lib\data\models\user_model.dart
DA:9,0
DA:43,0
DA:44,0
DA:46,0
DA:49,0
DA:50,0
DA:51,0
DA:52,0
DA:53,0
DA:54,0
DA:55,0
DA:56,0
DA:57,0
DA:58,0
DA:59,0
DA:64,0
DA:65,0
DA:66,0
DA:67,0
DA:68,0
DA:69,0
DA:70,0
DA:71,0
DA:72,0
DA:73,0
DA:74,0
DA:78,0
DA:79,0
DA:80,0
DA:82,0
DA:84,0
DA:85,0
DA:92,0
DA:94,0
DA:96,0
DA:98,0
LF:36
LH:0
end_of_record
SF:lib\data\models\user_model.g.dart
DA:9,0
DA:10,0
DA:11,0
DA:12,0
DA:13,0
DA:14,0
DA:15,0
DA:16,0
DA:17,0
DA:19,0
DA:20,0
DA:22,0
DA:25,0
DA:26,0
DA:27,0
DA:28,0
DA:29,0
DA:30,0
DA:31,0
DA:32,0
DA:33,0
DA:34,0
LF:22
LH:0
end_of_record
SF:lib\core\performance\performance_monitor.dart
DA:10,2
DA:12,1
DA:19,0
DA:21,0
DA:22,0
DA:27,0
DA:28,0
DA:29,0
DA:33,1
DA:37,2
DA:39,1
DA:40,1
DA:41,3
DA:44,0
DA:45,0
DA:51,1
DA:55,2
DA:57,1
DA:58,1
DA:59,3
DA:62,0
DA:63,0
DA:69,1
DA:70,1
DA:74,1
DA:75,2
DA:79,0
DA:80,0
DA:84,1
DA:85,2
DA:86,2
DA:90,1
DA:91,2
DA:92,0
DA:95,3
DA:97,1
DA:98,2
DA:101,2
DA:105,1
DA:106,2
DA:108,3
DA:110,4
DA:114,2
DA:118,0
DA:119,0
DA:122,0
DA:123,0
DA:124,0
DA:125,0
DA:126,0
DA:127,0
DA:130,0
DA:133,0
DA:134,0
DA:139,0
DA:140,0
DA:153,1
DA:157,1
DA:159,10
DA:160,7
DA:161,7
DA:162,3
DA:164,1
DA:165,3
DA:167,2
DA:168,0
DA:171,1
DA:172,1
DA:174,1
DA:185,1
DA:191,3
DA:201,1
DA:208,0
DA:209,0
DA:216,0
DA:218,0
DA:219,0
DA:222,0
DA:224,0
DA:225,0
DA:226,0
DA:237,0
DA:242,0
DA:245,0
DA:246,0
DA:247,0
DA:248,0
DA:252,0
DA:254,0
DA:256,0
DA:258,0
DA:263,1
DA:267,2
DA:269,2
DA:270,1
DA:273,1
DA:275,1
DA:277,1
DA:279,3
DA:291,1
DA:298,0
DA:300,0
DA:301,0
DA:302,0
DA:303,0
LF:105
LH:54
end_of_record
SF:lib\core\performance\lazy_loading_manager.dart
DA:10,0
DA:22,0
DA:26,0
DA:28,0
DA:29,0
DA:30,0
DA:32,0
DA:39,0
DA:42,0
DA:43,0
DA:44,0
DA:48,0
DA:54,0
DA:68,0
DA:72,0
DA:74,0
DA:75,0
DA:77,0
DA:78,0
DA:84,0
DA:85,0
DA:86,0
DA:87,0
DA:88,0
DA:92,0
DA:94,0
DA:99,0
DA:100,0
DA:111,0
DA:117,0
DA:118,0
DA:119,0
DA:120,0
DA:121,0
DA:137,1
DA:145,1
DA:152,1
DA:153,1
DA:154,1
DA:155,0
DA:156,1
DA:157,1
DA:166,0
DA:168,0
DA:169,0
DA:172,0
DA:173,0
DA:176,0
DA:177,0
DA:180,0
DA:181,0
DA:182,0
DA:184,0
DA:191,0
DA:192,0
DA:198,0
DA:199,0
LF:57
LH:7
end_of_record
SF:lib\presentation\widgets\common\optimized_list_view.dart
DA:21,0
DA:37,0
DA:38,0
DA:46,0
DA:48,0
DA:49,0
DA:50,0
DA:53,0
DA:55,0
DA:56,0
DA:58,0
DA:61,0
DA:63,0
DA:64,0
DA:67,0
DA:68,0
DA:69,0
DA:70,0
DA:71,0
DA:72,0
DA:73,0
DA:74,0
DA:75,0
DA:76,0
DA:79,0
DA:83,0
DA:88,0
DA:89,0
DA:91,0
DA:92,0
DA:93,0
DA:94,0
DA:99,0
DA:100,0
DA:101,0
DA:104,0
DA:105,0
DA:106,0
DA:107,0
DA:127,0
DA:143,0
DA:145,0
DA:152,0
DA:154,0
DA:155,0
DA:156,0
DA:159,0
DA:161,0
DA:162,0
DA:164,0
DA:167,0
DA:169,0
DA:170,0
DA:173,0
DA:174,0
DA:175,0
DA:176,0
DA:177,0
DA:178,0
DA:179,0
DA:180,0
DA:181,0
DA:182,0
DA:183,0
DA:185,0
DA:188,0
DA:189,0
DA:190,0
DA:193,0
DA:200,0
DA:201,0
DA:203,0
DA:204,0
DA:205,0
DA:206,0
DA:211,0
DA:212,0
DA:213,0
DA:215,0
DA:216,0
DA:217,0
DA:218,0
DA:229,0
DA:236,0
DA:238,0
DA:239,0
DA:240,0
DA:241,0
DA:242,0
DA:243,0
DA:245,0
DA:250,0
DA:251,0
DA:252,0
DA:253,0
DA:255,0
DA:269,0
DA:278,0
DA:279,0
DA:287,0
DA:289,0
DA:290,0
DA:291,0
DA:292,0
DA:295,0
DA:297,0
DA:298,0
DA:300,0
DA:303,0
DA:305,0
DA:306,0
DA:308,0
DA:309,0
DA:310,0
DA:311,0
DA:312,0
DA:313,0
DA:315,0
DA:316,0
DA:319,0
DA:320,0
DA:326,0
DA:327,0
DA:329,0
DA:330,0
DA:332,0
DA:333,0
DA:334,0
DA:336,0
DA:337,0
DA:347,0
DA:348,0
DA:352,0
DA:355,0
DA:356,0
LF:135
LH:0
end_of_record
SF:lib\presentation\widgets\common\responsive_layout.dart
DA:10,1
DA:17,1
DA:19,1
DA:20,1
DA:21,2
DA:22,3
DA:23,2
DA:24,1
DA:26,1
DA:40,1
DA:48,1
DA:50,1
DA:51,1
DA:53,1
DA:54,0
DA:55,2
DA:57,2
DA:64,1
DA:65,0
DA:66,2
DA:67,1
DA:68,2
DA:69,2
DA:74,1
DA:76,1
DA:78,1
DA:81,3
DA:82,1
DA:101,0
DA:112,0
DA:114,0
DA:115,0
DA:117,0
DA:118,0
DA:119,0
DA:120,0
DA:122,0
DA:125,0
DA:126,0
DA:127,0
DA:130,0
DA:132,0
DA:133,0
DA:136,0
DA:137,0
DA:153,1
DA:162,1
DA:164,1
DA:165,1
DA:166,3
DA:167,1
DA:168,1
DA:170,1
DA:171,5
DA:172,5
DA:173,1
DA:177,1
DA:178,1
DA:179,1
DA:180,1
DA:181,5
DA:182,5
DA:183,1
DA:198,0
DA:207,0
DA:209,0
DA:210,0
DA:214,0
DA:215,0
DA:216,0
DA:217,0
DA:218,0
DA:220,0
DA:236,1
DA:247,1
DA:249,1
DA:250,2
DA:251,1
DA:254,1
DA:255,1
DA:256,1
DA:257,1
DA:258,1
DA:260,1
DA:261,1
DA:262,1
DA:263,1
DA:268,1
DA:269,1
DA:270,1
DA:274,0
DA:275,0
DA:276,0
DA:277,0
DA:278,0
DA:279,0
DA:280,0
DA:281,0
DA:285,1
DA:288,1
DA:300,0
DA:316,1
DA:326,1
DA:328,1
DA:329,2
DA:332,1
DA:333,0
DA:334,1
DA:335,1
DA:337,0
DA:340,1
DA:341,2
DA:342,1
DA:343,0
DA:344,0
DA:345,0
DA:346,0
DA:347,0
DA:349,1
DA:350,1
DA:351,1
DA:352,3
DA:353,1
DA:354,5
DA:357,1
DA:370,1
DA:378,1
DA:380,1
DA:381,1
DA:382,2
DA:386,0
DA:387,0
DA:388,0
DA:389,0
DA:390,0
DA:394,0
DA:396,0
DA:397,0
DA:398,0
DA:404,1
DA:405,3
DA:406,1
DA:407,1
DA:408,0
DA:409,3
DA:411,1
DA:413,1
DA:414,1
DA:418,1
DA:425,1
DA:426,3
DA:429,0
DA:430,0
DA:431,0
DA:442,1
DA:444,2
LF:156
LH:98
end_of_record
